<?xml version="1.0" encoding="UTF-8"?>
<robot generator="Robot 5.0.1 (Python 3.10.4 on linux)" generated="20220804 10:38:30.073" rpa="false" schemaversion="3">
<suite id="s1" name="Login" source="/home/pravin/Desktop/Scadiv2_automation/Scadiv2_robot/TestCases/Login.robot">
<test id="s1-t1" name="Enter_wrong_username_with_correct_password" line="10">
<kw name="Open my browser" library="Login_keywords" type="SETUP">
<arg>${Scadi_URL}</arg>
<arg>${Browser_name}</arg>
<kw name="Open Browser" library="Selenium2Library">
<arg>${Scadiv2url}</arg>
<arg>${Browsername}</arg>
<doc>Opens a new browser instance to the given ``url``.</doc>
<msg timestamp="20220804 10:38:30.851" level="INFO">Opening browser 'chrome' to base url 'https:test.ecomexpress.in:9013'.</msg>
<status status="PASS" starttime="20220804 10:38:30.850" endtime="20220804 10:38:35.395"/>
</kw>
<kw name="Maximize Browser Window" library="Selenium2Library">
<doc>Maximizes current browser window.</doc>
<status status="PASS" starttime="20220804 10:38:35.395" endtime="20220804 10:38:35.504"/>
</kw>
<kw name="Delete All Cookies" library="Selenium2Library">
<doc>Deletes all cookies.</doc>
<status status="PASS" starttime="20220804 10:38:35.504" endtime="20220804 10:38:35.521"/>
</kw>
<kw name="Set Browser Implicit Wait" library="Selenium2Library">
<arg>20 s</arg>
<doc>Sets the implicit wait value used by Selenium.</doc>
<status status="PASS" starttime="20220804 10:38:35.522" endtime="20220804 10:38:35.526"/>
</kw>
<status status="PASS" starttime="20220804 10:38:30.849" endtime="20220804 10:38:35.526"/>
</kw>
<kw name="Enter_Userid" library="Login_keywords">
<arg>${Login_user_incorrect_id}</arg>
<kw name="Input Text" library="Selenium2Library">
<arg>${Username_txt}</arg>
<arg>${Userid}</arg>
<doc>Types the given ``text`` into text field identified by ``locator``.</doc>
<msg timestamp="20220804 10:38:35.530" level="INFO">Typing text '635164' into text field '//input[@title='Username']'.</msg>
<status status="PASS" starttime="20220804 10:38:35.528" endtime="20220804 10:38:35.621"/>
</kw>
<status status="PASS" starttime="20220804 10:38:35.527" endtime="20220804 10:38:35.621"/>
</kw>
<kw name="Log" library="BuiltIn">
<arg>${Login_user_incorrect_id}</arg>
<doc>Logs the given message with the given level.</doc>
<msg timestamp="20220804 10:38:35.621" level="INFO">635164</msg>
<status status="PASS" starttime="20220804 10:38:35.621" endtime="20220804 10:38:35.621"/>
</kw>
<kw name="Enter_Userpwd" library="Login_keywords">
<arg>${Login_user_correct_pwd}</arg>
<kw name="Double Click Element" library="Selenium2Library">
<arg>${Password_txt}</arg>
<doc>Double click element identified by ``locator``.</doc>
<msg timestamp="20220804 10:38:35.622" level="INFO">Double clicking element '//input[@title='Password']'.</msg>
<status status="PASS" starttime="20220804 10:38:35.622" endtime="20220804 10:38:35.940"/>
</kw>
<kw name="Sleep" library="BuiltIn">
<arg>3</arg>
<doc>Pauses the test executed for the given time.</doc>
<msg timestamp="20220804 10:38:38.941" level="INFO">Slept 3 seconds</msg>
<status status="PASS" starttime="20220804 10:38:35.940" endtime="20220804 10:38:38.941"/>
</kw>
<kw name="Input Text" library="Selenium2Library">
<arg>${Password_txt}</arg>
<arg>${Userpwd}</arg>
<doc>Types the given ``text`` into text field identified by ``locator``.</doc>
<msg timestamp="20220804 10:38:38.943" level="INFO">Typing text 'Ecom@123' into text field '//input[@title='Password']'.</msg>
<status status="PASS" starttime="20220804 10:38:38.942" endtime="20220804 10:38:39.051"/>
</kw>
<status status="PASS" starttime="20220804 10:38:35.621" endtime="20220804 10:38:39.051"/>
</kw>
<kw name="Log" library="BuiltIn">
<arg>${Login_user_correct_pwd}</arg>
<doc>Logs the given message with the given level.</doc>
<msg timestamp="20220804 10:38:39.052" level="INFO">Ecom@123</msg>
<status status="PASS" starttime="20220804 10:38:39.051" endtime="20220804 10:38:39.052"/>
</kw>
<kw name="Sleep" library="BuiltIn">
<arg>5</arg>
<doc>Pauses the test executed for the given time.</doc>
<msg timestamp="20220804 10:38:44.052" level="INFO">Slept 5 seconds</msg>
<status status="PASS" starttime="20220804 10:38:39.052" endtime="20220804 10:38:44.053"/>
</kw>
<kw name="Click_loginbtn" library="Login_keywords">
<kw name="Click Button" library="Selenium2Library">
<arg>${Login_button}</arg>
<doc>Clicks button identified by ``locator``.</doc>
<msg timestamp="20220804 10:38:44.055" level="INFO">Clicking button '//button[@type='submit']'.</msg>
<status status="PASS" starttime="20220804 10:38:44.054" endtime="20220804 10:38:44.157"/>
</kw>
<kw name="Sleep" library="BuiltIn">
<arg>2</arg>
<doc>Pauses the test executed for the given time.</doc>
<msg timestamp="20220804 10:38:46.158" level="INFO">Slept 2 seconds</msg>
<status status="PASS" starttime="20220804 10:38:44.157" endtime="20220804 10:38:46.158"/>
</kw>
<status status="PASS" starttime="20220804 10:38:44.053" endtime="20220804 10:38:46.159"/>
</kw>
<kw name="Verify_login" library="Login_keywords">
<kw name="Get Text" library="Selenium2Library">
<var>${Login_Error_test}</var>
<arg>//div[@class='ui-toast-detail']</arg>
<doc>Returns the text value of element identified by ``locator``.</doc>
<msg timestamp="20220804 10:38:46.254" level="INFO">${Login_Error_test} = Please contact IT support</msg>
<status status="PASS" starttime="20220804 10:38:46.161" endtime="20220804 10:38:46.254"/>
</kw>
<kw name="Run Keyword If" library="BuiltIn">
<arg>'${Login_Error_test}' == "Please contact IT support"</arg>
<arg>Login_error_1</arg>
<arg>ELSE</arg>
<arg>run keyword if</arg>
<arg>'${Login_Error_test}' == "Something went wrong Please try again after some time."</arg>
<arg>Login_error_2</arg>
<arg>ELSE</arg>
<arg>run keyword if</arg>
<arg>'${Login_Error_test}' == "Login Successful. Welcome to Dashboard"</arg>
<arg>Successfully_Login</arg>
<doc>Runs the given keyword with the given arguments, if ``condition`` is true.</doc>
<kw name="Login_error_1" library="Login_keywords">
<kw name="Log" library="BuiltIn">
<arg>Invalid Login</arg>
<doc>Logs the given message with the given level.</doc>
<msg timestamp="20220804 10:38:46.256" level="INFO">Invalid Login</msg>
<status status="PASS" starttime="20220804 10:38:46.256" endtime="20220804 10:38:46.256"/>
</kw>
<status status="PASS" starttime="20220804 10:38:46.255" endtime="20220804 10:38:46.257"/>
</kw>
<status status="PASS" starttime="20220804 10:38:46.254" endtime="20220804 10:38:46.257"/>
</kw>
<status status="PASS" starttime="20220804 10:38:46.159" endtime="20220804 10:38:46.257"/>
</kw>
<kw name="Close my browser" library="Login_keywords" type="TEARDOWN">
<kw name="Close Browser" library="Selenium2Library">
<doc>Closes the current browser.</doc>
<status status="PASS" starttime="20220804 10:38:46.258" endtime="20220804 10:38:46.321"/>
</kw>
<status status="PASS" starttime="20220804 10:38:46.257" endtime="20220804 10:38:46.322"/>
</kw>
<status status="PASS" starttime="20220804 10:38:30.848" endtime="20220804 10:38:46.322"/>
</test>
<test id="s1-t2" name="Enter_Correct_username_with_wrong_password" line="20">
<kw name="Open my browser" library="Login_keywords" type="SETUP">
<arg>${Scadi_URL}</arg>
<arg>${Browser_name}</arg>
<kw name="Open Browser" library="Selenium2Library">
<arg>${Scadiv2url}</arg>
<arg>${Browsername}</arg>
<doc>Opens a new browser instance to the given ``url``.</doc>
<msg timestamp="20220804 10:38:46.324" level="INFO">Opening browser 'chrome' to base url 'https:test.ecomexpress.in:9013'.</msg>
<status status="PASS" starttime="20220804 10:38:46.324" endtime="20220804 10:38:51.151"/>
</kw>
<kw name="Maximize Browser Window" library="Selenium2Library">
<doc>Maximizes current browser window.</doc>
<status status="PASS" starttime="20220804 10:38:51.152" endtime="20220804 10:38:51.262"/>
</kw>
<kw name="Delete All Cookies" library="Selenium2Library">
<doc>Deletes all cookies.</doc>
<status status="PASS" starttime="20220804 10:38:51.262" endtime="20220804 10:38:51.280"/>
</kw>
<kw name="Set Browser Implicit Wait" library="Selenium2Library">
<arg>20 s</arg>
<doc>Sets the implicit wait value used by Selenium.</doc>
<status status="PASS" starttime="20220804 10:38:51.280" endtime="20220804 10:38:51.284"/>
</kw>
<status status="PASS" starttime="20220804 10:38:46.323" endtime="20220804 10:38:51.285"/>
</kw>
<kw name="Enter_Userid" library="Login_keywords">
<arg>${Login_user_correct_id}</arg>
<kw name="Input Text" library="Selenium2Library">
<arg>${Username_txt}</arg>
<arg>${Userid}</arg>
<doc>Types the given ``text`` into text field identified by ``locator``.</doc>
<msg timestamp="20220804 10:38:51.288" level="INFO">Typing text '63516' into text field '//input[@title='Username']'.</msg>
<status status="PASS" starttime="20220804 10:38:51.287" endtime="20220804 10:38:51.382"/>
</kw>
<status status="PASS" starttime="20220804 10:38:51.286" endtime="20220804 10:38:51.382"/>
</kw>
<kw name="Log" library="BuiltIn">
<arg>${Login_user_correct_id}</arg>
<doc>Logs the given message with the given level.</doc>
<msg timestamp="20220804 10:38:51.382" level="INFO">63516</msg>
<status status="PASS" starttime="20220804 10:38:51.382" endtime="20220804 10:38:51.383"/>
</kw>
<kw name="Enter_Userpwd" library="Login_keywords">
<arg>${Login_user_incorrect_id}</arg>
<kw name="Double Click Element" library="Selenium2Library">
<arg>${Password_txt}</arg>
<doc>Double click element identified by ``locator``.</doc>
<msg timestamp="20220804 10:38:51.383" level="INFO">Double clicking element '//input[@title='Password']'.</msg>
<status status="PASS" starttime="20220804 10:38:51.383" endtime="20220804 10:38:51.699"/>
</kw>
<kw name="Sleep" library="BuiltIn">
<arg>3</arg>
<doc>Pauses the test executed for the given time.</doc>
<msg timestamp="20220804 10:38:54.700" level="INFO">Slept 3 seconds</msg>
<status status="PASS" starttime="20220804 10:38:51.699" endtime="20220804 10:38:54.700"/>
</kw>
<kw name="Input Text" library="Selenium2Library">
<arg>${Password_txt}</arg>
<arg>${Userpwd}</arg>
<doc>Types the given ``text`` into text field identified by ``locator``.</doc>
<msg timestamp="20220804 10:38:54.702" level="INFO">Typing text '635164' into text field '//input[@title='Password']'.</msg>
<status status="PASS" starttime="20220804 10:38:54.700" endtime="20220804 10:38:54.818"/>
</kw>
<status status="PASS" starttime="20220804 10:38:51.383" endtime="20220804 10:38:54.818"/>
</kw>
<kw name="Log" library="BuiltIn">
<arg>${Login_user_incorrect_pwd}</arg>
<doc>Logs the given message with the given level.</doc>
<msg timestamp="20220804 10:38:54.818" level="INFO">asd@123</msg>
<status status="PASS" starttime="20220804 10:38:54.818" endtime="20220804 10:38:54.818"/>
</kw>
<kw name="Sleep" library="BuiltIn">
<arg>3</arg>
<doc>Pauses the test executed for the given time.</doc>
<msg timestamp="20220804 10:38:57.819" level="INFO">Slept 3 seconds</msg>
<status status="PASS" starttime="20220804 10:38:54.818" endtime="20220804 10:38:57.819"/>
</kw>
<kw name="Click_loginbtn" library="Login_keywords">
<kw name="Click Button" library="Selenium2Library">
<arg>${Login_button}</arg>
<doc>Clicks button identified by ``locator``.</doc>
<msg timestamp="20220804 10:38:57.822" level="INFO">Clicking button '//button[@type='submit']'.</msg>
<status status="PASS" starttime="20220804 10:38:57.821" endtime="20220804 10:38:57.962"/>
</kw>
<kw name="Sleep" library="BuiltIn">
<arg>2</arg>
<doc>Pauses the test executed for the given time.</doc>
<msg timestamp="20220804 10:38:59.962" level="INFO">Slept 2 seconds</msg>
<status status="PASS" starttime="20220804 10:38:57.962" endtime="20220804 10:38:59.963"/>
</kw>
<status status="PASS" starttime="20220804 10:38:57.820" endtime="20220804 10:38:59.963"/>
</kw>
<kw name="Verify_login" library="Login_keywords">
<kw name="Get Text" library="Selenium2Library">
<var>${Login_Error_test}</var>
<arg>//div[@class='ui-toast-detail']</arg>
<doc>Returns the text value of element identified by ``locator``.</doc>
<msg timestamp="20220804 10:39:00.023" level="INFO">${Login_Error_test} = Password mismatch 4 attempt left</msg>
<status status="PASS" starttime="20220804 10:38:59.965" endtime="20220804 10:39:00.023"/>
</kw>
<kw name="Run Keyword If" library="BuiltIn">
<arg>'${Login_Error_test}' == "Please contact IT support"</arg>
<arg>Login_error_1</arg>
<arg>ELSE</arg>
<arg>run keyword if</arg>
<arg>'${Login_Error_test}' == "Something went wrong Please try again after some time."</arg>
<arg>Login_error_2</arg>
<arg>ELSE</arg>
<arg>run keyword if</arg>
<arg>'${Login_Error_test}' == "Login Successful. Welcome to Dashboard"</arg>
<arg>Successfully_Login</arg>
<doc>Runs the given keyword with the given arguments, if ``condition`` is true.</doc>
<kw name="Run Keyword If" library="BuiltIn">
<arg>'${Login_Error_test}' == "Something went wrong Please try again after some time."</arg>
<arg>Login_error_2</arg>
<arg>ELSE</arg>
<arg>run keyword if</arg>
<arg>'${Login_Error_test}' == "Login Successful. Welcome to Dashboard"</arg>
<arg>Successfully_Login</arg>
<doc>Runs the given keyword with the given arguments, if ``condition`` is true.</doc>
<kw name="Run Keyword If" library="BuiltIn">
<arg>'${Login_Error_test}' == "Login Successful. Welcome to Dashboard"</arg>
<arg>Successfully_Login</arg>
<doc>Runs the given keyword with the given arguments, if ``condition`` is true.</doc>
<status status="PASS" starttime="20220804 10:39:00.024" endtime="20220804 10:39:00.024"/>
</kw>
<status status="PASS" starttime="20220804 10:39:00.023" endtime="20220804 10:39:00.024"/>
</kw>
<status status="PASS" starttime="20220804 10:39:00.023" endtime="20220804 10:39:00.024"/>
</kw>
<status status="PASS" starttime="20220804 10:38:59.964" endtime="20220804 10:39:00.024"/>
</kw>
<kw name="Close my browser" library="Login_keywords" type="TEARDOWN">
<kw name="Close Browser" library="Selenium2Library">
<doc>Closes the current browser.</doc>
<status status="PASS" starttime="20220804 10:39:00.025" endtime="20220804 10:39:00.091"/>
</kw>
<status status="PASS" starttime="20220804 10:39:00.024" endtime="20220804 10:39:00.091"/>
</kw>
<status status="PASS" starttime="20220804 10:38:46.323" endtime="20220804 10:39:00.092"/>
</test>
<test id="s1-t3" name="Enter_correct_userid_with_correct_password" line="30">
<kw name="Open my browser" library="Login_keywords" type="SETUP">
<arg>${Scadi_URL}</arg>
<arg>${Browser_name}</arg>
<kw name="Open Browser" library="Selenium2Library">
<arg>${Scadiv2url}</arg>
<arg>${Browsername}</arg>
<doc>Opens a new browser instance to the given ``url``.</doc>
<msg timestamp="20220804 10:39:00.095" level="INFO">Opening browser 'chrome' to base url 'https:test.ecomexpress.in:9013'.</msg>
<status status="PASS" starttime="20220804 10:39:00.094" endtime="20220804 10:39:04.581"/>
</kw>
<kw name="Maximize Browser Window" library="Selenium2Library">
<doc>Maximizes current browser window.</doc>
<status status="PASS" starttime="20220804 10:39:04.581" endtime="20220804 10:39:04.689"/>
</kw>
<kw name="Delete All Cookies" library="Selenium2Library">
<doc>Deletes all cookies.</doc>
<status status="PASS" starttime="20220804 10:39:04.690" endtime="20220804 10:39:04.703"/>
</kw>
<kw name="Set Browser Implicit Wait" library="Selenium2Library">
<arg>20 s</arg>
<doc>Sets the implicit wait value used by Selenium.</doc>
<status status="PASS" starttime="20220804 10:39:04.703" endtime="20220804 10:39:04.706"/>
</kw>
<status status="PASS" starttime="20220804 10:39:00.093" endtime="20220804 10:39:04.707"/>
</kw>
<kw name="Enter_Userid" library="Login_keywords">
<arg>${Login_user_correct_id}</arg>
<kw name="Input Text" library="Selenium2Library">
<arg>${Username_txt}</arg>
<arg>${Userid}</arg>
<doc>Types the given ``text`` into text field identified by ``locator``.</doc>
<msg timestamp="20220804 10:39:04.710" level="INFO">Typing text '63516' into text field '//input[@title='Username']'.</msg>
<status status="PASS" starttime="20220804 10:39:04.709" endtime="20220804 10:39:04.830"/>
</kw>
<status status="PASS" starttime="20220804 10:39:04.707" endtime="20220804 10:39:04.830"/>
</kw>
<kw name="Log" library="BuiltIn">
<arg>${Login_user_correct_id}</arg>
<doc>Logs the given message with the given level.</doc>
<msg timestamp="20220804 10:39:04.831" level="INFO">63516</msg>
<status status="PASS" starttime="20220804 10:39:04.831" endtime="20220804 10:39:04.831"/>
</kw>
<kw name="Enter_Userpwd" library="Login_keywords">
<arg>${Login_user_correct_pwd}</arg>
<kw name="Double Click Element" library="Selenium2Library">
<arg>${Password_txt}</arg>
<doc>Double click element identified by ``locator``.</doc>
<msg timestamp="20220804 10:39:04.832" level="INFO">Double clicking element '//input[@title='Password']'.</msg>
<status status="PASS" starttime="20220804 10:39:04.832" endtime="20220804 10:39:05.152"/>
</kw>
<kw name="Sleep" library="BuiltIn">
<arg>3</arg>
<doc>Pauses the test executed for the given time.</doc>
<msg timestamp="20220804 10:39:08.152" level="INFO">Slept 3 seconds</msg>
<status status="PASS" starttime="20220804 10:39:05.152" endtime="20220804 10:39:08.153"/>
</kw>
<kw name="Input Text" library="Selenium2Library">
<arg>${Password_txt}</arg>
<arg>${Userpwd}</arg>
<doc>Types the given ``text`` into text field identified by ``locator``.</doc>
<msg timestamp="20220804 10:39:08.154" level="INFO">Typing text 'Ecom@123' into text field '//input[@title='Password']'.</msg>
<status status="PASS" starttime="20220804 10:39:08.153" endtime="20220804 10:39:08.294"/>
</kw>
<status status="PASS" starttime="20220804 10:39:04.831" endtime="20220804 10:39:08.294"/>
</kw>
<kw name="Log" library="BuiltIn">
<arg>${Login_user_correct_pwd}</arg>
<doc>Logs the given message with the given level.</doc>
<msg timestamp="20220804 10:39:08.295" level="INFO">Ecom@123</msg>
<status status="PASS" starttime="20220804 10:39:08.294" endtime="20220804 10:39:08.295"/>
</kw>
<kw name="Sleep" library="BuiltIn">
<arg>2</arg>
<doc>Pauses the test executed for the given time.</doc>
<msg timestamp="20220804 10:39:10.295" level="INFO">Slept 2 seconds</msg>
<status status="PASS" starttime="20220804 10:39:08.295" endtime="20220804 10:39:10.295"/>
</kw>
<kw name="Click_loginbtn" library="Login_keywords">
<kw name="Click Button" library="Selenium2Library">
<arg>${Login_button}</arg>
<doc>Clicks button identified by ``locator``.</doc>
<msg timestamp="20220804 10:39:10.296" level="INFO">Clicking button '//button[@type='submit']'.</msg>
<status status="PASS" starttime="20220804 10:39:10.296" endtime="20220804 10:39:10.356"/>
</kw>
<kw name="Sleep" library="BuiltIn">
<arg>2</arg>
<doc>Pauses the test executed for the given time.</doc>
<msg timestamp="20220804 10:39:12.356" level="INFO">Slept 2 seconds</msg>
<status status="PASS" starttime="20220804 10:39:10.356" endtime="20220804 10:39:12.357"/>
</kw>
<status status="PASS" starttime="20220804 10:39:10.296" endtime="20220804 10:39:12.358"/>
</kw>
<kw name="Verify_login" library="Login_keywords">
<kw name="Get Text" library="Selenium2Library">
<var>${Login_Error_test}</var>
<arg>//div[@class='ui-toast-detail']</arg>
<doc>Returns the text value of element identified by ``locator``.</doc>
<msg timestamp="20220804 10:39:12.424" level="INFO">${Login_Error_test} = Password mismatch 3 attempt left</msg>
<status status="PASS" starttime="20220804 10:39:12.359" endtime="20220804 10:39:12.424"/>
</kw>
<kw name="Run Keyword If" library="BuiltIn">
<arg>'${Login_Error_test}' == "Please contact IT support"</arg>
<arg>Login_error_1</arg>
<arg>ELSE</arg>
<arg>run keyword if</arg>
<arg>'${Login_Error_test}' == "Something went wrong Please try again after some time."</arg>
<arg>Login_error_2</arg>
<arg>ELSE</arg>
<arg>run keyword if</arg>
<arg>'${Login_Error_test}' == "Login Successful. Welcome to Dashboard"</arg>
<arg>Successfully_Login</arg>
<doc>Runs the given keyword with the given arguments, if ``condition`` is true.</doc>
<kw name="Run Keyword If" library="BuiltIn">
<arg>'${Login_Error_test}' == "Something went wrong Please try again after some time."</arg>
<arg>Login_error_2</arg>
<arg>ELSE</arg>
<arg>run keyword if</arg>
<arg>'${Login_Error_test}' == "Login Successful. Welcome to Dashboard"</arg>
<arg>Successfully_Login</arg>
<doc>Runs the given keyword with the given arguments, if ``condition`` is true.</doc>
<kw name="Run Keyword If" library="BuiltIn">
<arg>'${Login_Error_test}' == "Login Successful. Welcome to Dashboard"</arg>
<arg>Successfully_Login</arg>
<doc>Runs the given keyword with the given arguments, if ``condition`` is true.</doc>
<status status="PASS" starttime="20220804 10:39:12.425" endtime="20220804 10:39:12.426"/>
</kw>
<status status="PASS" starttime="20220804 10:39:12.425" endtime="20220804 10:39:12.426"/>
</kw>
<status status="PASS" starttime="20220804 10:39:12.424" endtime="20220804 10:39:12.426"/>
</kw>
<status status="PASS" starttime="20220804 10:39:12.358" endtime="20220804 10:39:12.426"/>
</kw>
<kw name="Logout_from_scadiv2" library="Login_keywords">
<kw name="Click Element" library="Selenium2Library">
<arg>${logout_user}</arg>
<doc>Click element identified by ``locator``.</doc>
<msg timestamp="20220804 10:39:12.427" level="INFO">Clicking element '//a[@title = 'Log Out']'.</msg>
<kw name="Capture Page Screenshot" library="Selenium2Library">
<doc>Takes screenshot of the current page and embeds it into log file.</doc>
<msg timestamp="20220804 10:39:32.632" level="INFO" html="true">&lt;/td&gt;&lt;/tr&gt;&lt;tr&gt;&lt;td colspan="3"&gt;&lt;a href="selenium-screenshot-4.png"&gt;&lt;img src="selenium-screenshot-4.png" width="800px"&gt;&lt;/a&gt;</msg>
<status status="PASS" starttime="20220804 10:39:32.448" endtime="20220804 10:39:32.632"/>
</kw>
<msg timestamp="20220804 10:39:32.633" level="FAIL">Element with locator '//a[@title = 'Log Out']' not found.</msg>
<status status="FAIL" starttime="20220804 10:39:12.426" endtime="20220804 10:39:32.696"/>
</kw>
<kw name="Log To Console" library="BuiltIn">
<arg>Clicked on logout</arg>
<doc>Logs the given message to the console.</doc>
<status status="NOT RUN" starttime="20220804 10:39:32.699" endtime="20220804 10:39:32.700"/>
</kw>
<kw name="Sleep" library="BuiltIn">
<arg>2</arg>
<doc>Pauses the test executed for the given time.</doc>
<status status="NOT RUN" starttime="20220804 10:39:32.700" endtime="20220804 10:39:32.700"/>
</kw>
<kw name="Wait Until Element Is Visible" library="Selenium2Library">
<arg>${Logout_user_yes}</arg>
<doc>Waits until element ``locator`` is visible.</doc>
<status status="NOT RUN" starttime="20220804 10:39:32.700" endtime="20220804 10:39:32.701"/>
</kw>
<kw name="Log To Console" library="BuiltIn">
<arg>yes visible</arg>
<doc>Logs the given message to the console.</doc>
<status status="NOT RUN" starttime="20220804 10:39:32.701" endtime="20220804 10:39:32.701"/>
</kw>
<kw name="Sleep" library="BuiltIn">
<arg>2</arg>
<doc>Pauses the test executed for the given time.</doc>
<status status="NOT RUN" starttime="20220804 10:39:32.701" endtime="20220804 10:39:32.702"/>
</kw>
<kw name="Double Click Element" library="Selenium2Library">
<arg>${Logout_user_yes}</arg>
<doc>Double click element identified by ``locator``.</doc>
<status status="NOT RUN" starttime="20220804 10:39:32.702" endtime="20220804 10:39:32.702"/>
</kw>
<kw name="Log To Console" library="BuiltIn">
<arg>clicked on yes</arg>
<doc>Logs the given message to the console.</doc>
<status status="NOT RUN" starttime="20220804 10:39:32.702" endtime="20220804 10:39:32.703"/>
</kw>
<kw name="Log" library="BuiltIn">
<arg>successfully logout</arg>
<doc>Logs the given message with the given level.</doc>
<status status="NOT RUN" starttime="20220804 10:39:32.703" endtime="20220804 10:39:32.703"/>
</kw>
<status status="FAIL" starttime="20220804 10:39:12.426" endtime="20220804 10:39:32.706"/>
</kw>
<kw name="Close my browser" library="Login_keywords" type="TEARDOWN">
<kw name="Close Browser" library="Selenium2Library">
<doc>Closes the current browser.</doc>
<status status="PASS" starttime="20220804 10:39:32.709" endtime="20220804 10:39:32.769"/>
</kw>
<status status="PASS" starttime="20220804 10:39:32.708" endtime="20220804 10:39:32.770"/>
</kw>
<status status="FAIL" starttime="20220804 10:39:00.092" endtime="20220804 10:39:32.770">Element with locator '//a[@title = 'Log Out']' not found.</status>
</test>
<status status="FAIL" starttime="20220804 10:38:30.078" endtime="20220804 10:39:32.770"/>
</suite>
<statistics>
<total>
<stat pass="2" fail="1" skip="0">All Tests</stat>
</total>
<tag>
</tag>
<suite>
<stat pass="2" fail="1" skip="0" id="s1" name="Login">Login</stat>
</suite>
</statistics>
<errors>
</errors>
</robot>
